51
0 0
1 1.00662
2 2.01283
3 3.01825
4 4.02246
5 5.02506
6 6.02566
7 7.02386
8 8.01925
9 9.01143
10 10
11 10.985
12 11.9679
13 12.9509
14 13.9358
15 14.9248
16 15.9198
17 16.9228
18 17.9358
19 18.9609
20 20
21 21.0535
22 22.1155
23 23.1782
24 24.2342
25 25.2757
26 26.2951
27 27.2849
28 28.2374
29 29.145
30 30
31 30.8009
32 31.5701
33 32.3361
34 33.1274
35 33.9724
36 34.8996
37 35.9375
38 37.1146
39 38.4592
40 40
41 41.7429
42 43.604
43 45.4772
44 47.2561
45 48.8346
46 50.1063
47 50.9649
48 51.3043
49 51.018
50 50
