101
0 0
1 6.79114
2 13.6677
3 20.715
4 28.0184
5 35.6634
6 43.7353
7 52.3196
8 61.5015
9 71.3665
10 82
11 93.4619
12 105.711
13 118.68
14 132.302
15 146.51
16 161.237
17 176.417
18 191.982
19 207.865
20 224
21 240.331
22 256.849
23 273.556
24 290.455
25 307.548
26 324.836
27 342.324
28 360.012
29 377.903
30 396
31 414.302
32 432.8
33 451.48
34 470.331
35 489.34
36 508.494
37 527.782
38 547.191
39 566.708
40 586.321
41 606.018
42 625.786
43 645.613
44 665.486
45 685.392
46 705.321
47 725.258
48 745.192
49 765.11
50 785
51 804.851
52 824.662
53 844.431
54 864.159
55 883.846
56 903.49
57 923.093
58 942.654
59 962.172
60 981.647
61 1001.08
62 1020.47
63 1039.81
64 1059.12
65 1078.37
66 1097.59
67 1116.76
68 1135.88
69 1154.96
70 1174
71 1192.98
72 1211.82
73 1230.43
74 1248.74
75 1266.64
76 1284.05
77 1300.88
78 1317.04
79 1332.45
80 1347
81 1360.68
82 1373.71
83 1386.38
84 1398.97
85 1411.77
86 1425.07
87 1439.16
88 1454.31
89 1470.83
90 1489
91 1508.85
92 1529.4
93 1549.41
94 1567.66
95 1582.91
96 1593.93
97 1599.48
98 1598.33
99 1589.25
100 1571
